\BOOKMARK [1][-]{section.1}{Introduction}{}% 1
\BOOKMARK [1][-]{section.2}{Background and Motivation}{}% 2
\BOOKMARK [2][-]{subsection.2.1}{Background of False Sharing}{section.2}% 3
\BOOKMARK [2][-]{subsection.2.2}{Motivation of Efficient Memory Trace Collection}{section.2}% 4
\BOOKMARK [2][-]{subsection.2.3}{Overview of Cheetah}{section.2}% 5
\BOOKMARK [1][-]{section.3}{Detecting False Sharing}{}% 6
\BOOKMARK [2][-]{subsection.3.1}{Shadow Memory and Custom Heap}{section.3}% 7
\BOOKMARK [2][-]{subsection.3.2}{Sampling Memory Accesses}{section.3}% 8
\BOOKMARK [2][-]{subsection.3.3}{Computing Cache Invalidations}{section.3}% 9
\BOOKMARK [2][-]{subsection.3.4}{Reporting False Sharing}{section.3}% 10
\BOOKMARK [1][-]{section.4}{Assessing the Performance Impact}{}% 11
\BOOKMARK [2][-]{subsection.4.1}{Impact on Accesses of the Object}{section.4}% 12
\BOOKMARK [2][-]{subsection.4.2}{Impact on Related Threads}{section.4}% 13
\BOOKMARK [2][-]{subsection.4.3}{Impact on the Application}{section.4}% 14
\BOOKMARK [1][-]{section.5}{Evaluation}{}% 15
\BOOKMARK [2][-]{subsection.5.1}{Effectiveness}{section.5}% 16
\BOOKMARK [3][-]{subsubsection.5.1.1}{Linear\137Regression}{subsection.5.1}% 17
\BOOKMARK [3][-]{subsubsection.5.1.2}{StreamCluster}{subsection.5.1}% 18
\BOOKMARK [3][-]{subsubsection.5.1.3}{Missing False Sharing Problems}{subsection.5.1}% 19
\BOOKMARK [2][-]{subsection.5.2}{Performance Overhead}{section.5}% 20
\BOOKMARK [2][-]{subsection.5.3}{Assessment Precision}{section.5}% 21
\BOOKMARK [1][-]{section.6}{Discussion}{}% 22
\BOOKMARK [2][-]{subsection.6.1}{Performance Overhead}{section.6}% 23
\BOOKMARK [2][-]{subsection.6.2}{Future Work}{section.6}% 24
\BOOKMARK [1][-]{section.7}{Related Work}{}% 25
\BOOKMARK [2][-]{subsection.7.1}{Efficient Memory Analysis}{section.7}% 26
\BOOKMARK [2][-]{subsection.7.2}{False Sharing Detection}{section.7}% 27
\BOOKMARK [2][-]{subsection.7.3}{Performance Prediction}{section.7}% 28
\BOOKMARK [1][-]{section.8}{Conclusions and Future Work}{}% 29
\BOOKMARK [1][-]{section.9}{References}{}% 30
